This is pdfTeX, Version 3.14159265-2.6-1.40.20 (MiKTeX 2.9.7250 64-bit) (preloaded format=pdflatex 2020.1.3)  28 FEB 2020 14:33
entering extended mode
**./DraftJeanArthur2.tex
(DraftJeanArthur2.tex
LaTeX2e <2019-10-01> patch level 3
(asme2e.cls
Document Class: asme2e 2001/2/14 v2.0 Standard LaTeX document class
("C:\Users\Jean\AppData\Local\Programs\MiKTeX 2.9\tex/latex/base\ifthen.sty"
Package: ifthen 2014/09/29 v1.1c Standard LaTeX ifthen package (DPC)
)
("C:\Users\Jean\AppData\Local\Programs\MiKTeX 2.9\tex/latex/psnfss\times.sty"
Package: times 2005/04/12 PSNFSS-v9.2a (SPQR) 
)
("C:\Users\Jean\AppData\Local\Programs\MiKTeX 2.9\tex/latex/psnfss\mathptmx.sty
"
Package: mathptmx 2005/04/12 PSNFSS-v9.2a Times w/ Math, improved (SPQR, WaS) 
LaTeX Font Info:    Redeclaring symbol font `operators' on input line 28.
LaTeX Font Info:    Overwriting symbol font `operators' in version `normal'
(Font)                  OT1/cmr/m/n --> OT1/ztmcm/m/n on input line 28.
LaTeX Font Info:    Overwriting symbol font `operators' in version `bold'
(Font)                  OT1/cmr/bx/n --> OT1/ztmcm/m/n on input line 28.
LaTeX Font Info:    Redeclaring symbol font `letters' on input line 29.
LaTeX Font Info:    Overwriting symbol font `letters' in version `normal'
(Font)                  OML/cmm/m/it --> OML/ztmcm/m/it on input line 29.
LaTeX Font Info:    Overwriting symbol font `letters' in version `bold'
(Font)                  OML/cmm/b/it --> OML/ztmcm/m/it on input line 29.
LaTeX Font Info:    Redeclaring symbol font `symbols' on input line 30.
LaTeX Font Info:    Overwriting symbol font `symbols' in version `normal'
(Font)                  OMS/cmsy/m/n --> OMS/ztmcm/m/n on input line 30.
LaTeX Font Info:    Overwriting symbol font `symbols' in version `bold'
(Font)                  OMS/cmsy/b/n --> OMS/ztmcm/m/n on input line 30.
LaTeX Font Info:    Redeclaring symbol font `largesymbols' on input line 31.
LaTeX Font Info:    Overwriting symbol font `largesymbols' in version `normal'
(Font)                  OMX/cmex/m/n --> OMX/ztmcm/m/n on input line 31.
LaTeX Font Info:    Overwriting symbol font `largesymbols' in version `bold'
(Font)                  OMX/cmex/m/n --> OMX/ztmcm/m/n on input line 31.
\symbold=\mathgroup4
\symitalic=\mathgroup5
LaTeX Font Info:    Redeclaring math alphabet \mathbf on input line 34.
LaTeX Font Info:    Overwriting math alphabet `\mathbf' in version `normal'
(Font)                  OT1/cmr/bx/n --> OT1/ptm/bx/n on input line 34.
LaTeX Font Info:    Overwriting math alphabet `\mathbf' in version `bold'
(Font)                  OT1/cmr/bx/n --> OT1/ptm/bx/n on input line 34.
LaTeX Font Info:    Redeclaring math alphabet \mathit on input line 35.
LaTeX Font Info:    Overwriting math alphabet `\mathit' in version `normal'
(Font)                  OT1/cmr/m/it --> OT1/ptm/m/it on input line 35.
LaTeX Font Info:    Overwriting math alphabet `\mathit' in version `bold'
(Font)                  OT1/cmr/bx/it --> OT1/ptm/m/it on input line 35.
LaTeX Info: Redefining \hbar on input line 50.
) ("C:\Users\Jean\AppData\Local\Programs\MiKTeX 2.9\tex/generic/iftex\ifpdf.sty
"
Package: ifpdf 2019/10/25 v3.4 ifpdf legacy package. Use iftex instead.
 ("C:\Users\Jean\AppData\Local\Programs\MiKTeX 2.9\tex/generic/iftex\iftex.sty"
Package: iftex 2019/11/07 v1.0c TeX engine tests
))
Ten Point
LaTeX Font Info:    Trying to load font information for OT1+phv on input line 3
08.
("C:\Users\Jean\AppData\Local\Programs\MiKTeX 2.9\tex/latex/psnfss\ot1phv.fd"
File: ot1phv.fd 2001/06/04 scalable font definitions for OT1/phv.
)
\c@part=\count80
\c@section=\count81
\c@subsection=\count82
\c@subsubsection=\count83
\c@paragraph=\count84
\c@subparagraph=\count85
\tempbox=\box27
\c@figure=\count86
\c@table=\count87
\@authcnt=\count88
\@tmpcnt=\count89
\bibindent=\dimen102
\tempbox=\box28
\tminute=\count90
\thour=\count91
)
("C:\Users\Jean\AppData\Local\Programs\MiKTeX 2.9\tex/latex/graphics\graphicx.s
ty"
Package: graphicx 2017/06/01 v1.1a Enhanced LaTeX Graphics (DPC,SPQR)

("C:\Users\Jean\AppData\Local\Programs\MiKTeX 2.9\tex/latex/graphics\keyval.sty
"
Package: keyval 2014/10/28 v1.15 key=value parser (DPC)
\KV@toks@=\toks14
)
("C:\Users\Jean\AppData\Local\Programs\MiKTeX 2.9\tex/latex/graphics\graphics.s
ty"
Package: graphics 2019/11/01 v1.3d Standard LaTeX Graphics (DPC,SPQR)

("C:\Users\Jean\AppData\Local\Programs\MiKTeX 2.9\tex/latex/graphics\trig.sty"
Package: trig 2016/01/03 v1.10 sin cos tan (DPC)
)
("C:\Users\Jean\AppData\Local\Programs\MiKTeX 2.9\tex/latex/graphics-cfg\graphi
cs.cfg"
File: graphics.cfg 2016/06/04 v1.11 sample graphics configuration
)
Package graphics Info: Driver file: pdftex.def on input line 105.

("C:\Users\Jean\AppData\Local\Programs\MiKTeX 2.9\tex/latex/graphics-def\pdftex
.def"
File: pdftex.def 2018/01/08 v1.0l Graphics/color driver for pdftex
))
\Gin@req@height=\dimen103
\Gin@req@width=\dimen104
)
("C:\Users\Jean\AppData\Local\Programs\MiKTeX 2.9\tex/latex/amsmath\amsmath.sty
"
Package: amsmath 2019/11/16 v2.17d AMS math features
\@mathmargin=\skip41

For additional information on amsmath, use the `?' option.
("C:\Users\Jean\AppData\Local\Programs\MiKTeX 2.9\tex/latex/amsmath\amstext.sty
"
Package: amstext 2000/06/29 v2.01 AMS text
 ("C:\Users\Jean\AppData\Local\Programs\MiKTeX 2.9\tex/latex/amsmath\amsgen.sty
"
File: amsgen.sty 1999/11/30 v2.0 generic functions
\@emptytoks=\toks15
\ex@=\dimen105
))
("C:\Users\Jean\AppData\Local\Programs\MiKTeX 2.9\tex/latex/amsmath\amsbsy.sty"
Package: amsbsy 1999/11/29 v1.2d Bold Symbols
\pmbraise@=\dimen106
) ("C:\Users\Jean\AppData\Local\Programs\MiKTeX 2.9\tex/latex/amsmath\amsopn.st
y"
Package: amsopn 2016/03/08 v2.02 operator names
)
\inf@bad=\count92
LaTeX Info: Redefining \frac on input line 227.
\uproot@=\count93
\leftroot@=\count94
LaTeX Info: Redefining \overline on input line 389.
\classnum@=\count95
\DOTSCASE@=\count96
LaTeX Info: Redefining \ldots on input line 486.
LaTeX Info: Redefining \dots on input line 489.
LaTeX Info: Redefining \cdots on input line 610.
\Mathstrutbox@=\box29
\strutbox@=\box30
\big@size=\dimen107
LaTeX Font Info:    Redeclaring font encoding OML on input line 733.
LaTeX Font Info:    Redeclaring font encoding OMS on input line 734.
\macc@depth=\count97
\c@MaxMatrixCols=\count98
\dotsspace@=\muskip10
\c@parentequation=\count99
\dspbrk@lvl=\count100
\tag@help=\toks16
\row@=\count101
\column@=\count102
\maxfields@=\count103
\andhelp@=\toks17
\eqnshift@=\dimen108
\alignsep@=\dimen109
\tagshift@=\dimen110
\tagwidth@=\dimen111
\totwidth@=\dimen112
\lineht@=\dimen113
\@envbody=\toks18
\multlinegap=\skip42
\multlinetaggap=\skip43
\mathdisplay@stack=\toks19
LaTeX Info: Redefining \[ on input line 2858.
LaTeX Info: Redefining \] on input line 2859.
)
("C:\Users\Jean\AppData\Local\Programs\MiKTeX 2.9\tex/latex/amsfonts\amssymb.st
y"
Package: amssymb 2013/01/14 v3.01 AMS font symbols

("C:\Users\Jean\AppData\Local\Programs\MiKTeX 2.9\tex/latex/amsfonts\amsfonts.s
ty"
Package: amsfonts 2013/01/14 v3.01 Basic AMSFonts support
\symAMSa=\mathgroup6
\symAMSb=\mathgroup7
LaTeX Font Info:    Overwriting math alphabet `\mathfrak' in version `bold'
(Font)                  U/euf/m/n --> U/euf/b/n on input line 106.
))
("C:\Users\Jean\AppData\Local\Programs\MiKTeX 2.9\tex/latex/caption\subcaption.
sty"
Package: subcaption 2019/09/01 v1.3a Sub-captions (AR)

("C:\Users\Jean\AppData\Local\Programs\MiKTeX 2.9\tex/latex/caption\caption.sty
"
Package: caption 2020/01/01 v3.4c Customizing captions (AR)

("C:\Users\Jean\AppData\Local\Programs\MiKTeX 2.9\tex/latex/caption\caption3.st
y"
Package: caption3 2019/12/31 v1.8f caption3 kernel (AR)
Package caption3 Info: TeX engine: e-TeX on input line 61.
\captionmargin=\dimen114
\captionmargin@=\dimen115
\captionwidth=\dimen116
\caption@tempdima=\dimen117
\caption@indent=\dimen118
\caption@parindent=\dimen119
\caption@hangindent=\dimen120
\abovecaptionskip=\skip44
\belowcaptionskip=\skip45
Package caption Info: Unknown document class (or package),
(caption)             standard defaults will be used.
Package caption Info: \@makecaption = \long macro:#1#2-> \par \addvspace {6pt}{
\tensf \setbox \@tempboxa \hbox {\egtsf #1.\quad #2}\ifdim \wd \@tempboxa >\hsi
ze {\egtsf #1.\quad \ignorespaces #2}\par \else \hbox to\hsize {\hfil \box \@te
mpboxa \hfil }\fi } on input line 1067.
)

Package caption Warning: Unknown document class (or package),
(caption)                standard defaults will be used.
See the caption package documentation for explanation.

\c@caption@flags=\count104
\c@continuedfloat=\count105
)
\c@subfigure=\count106
\c@subtable=\count107
)
("C:\Users\Jean\AppData\Local\Programs\MiKTeX 2.9\tex/latex/graphics\color.sty"
Package: color 2016/07/10 v1.1e Standard LaTeX Color (DPC)

("C:\Users\Jean\AppData\Local\Programs\MiKTeX 2.9\tex/latex/graphics-cfg\color.
cfg"
File: color.cfg 2016/01/02 v1.6 sample color configuration
)
Package color Info: Driver file: pdftex.def on input line 147.
)
("C:\Users\Jean\AppData\Local\Programs\MiKTeX 2.9\tex/latex/adjustbox\adjustbox
.sty"
Package: adjustbox 2019/01/04 v1.2 Adjusting TeX boxes (trim, clip, ...)

("C:\Users\Jean\AppData\Local\Programs\MiKTeX 2.9\tex/latex/xkeyval\xkeyval.sty
"
Package: xkeyval 2014/12/03 v2.7a package option processing (HA)

("C:\Users\Jean\AppData\Local\Programs\MiKTeX 2.9\tex/generic/xkeyval\xkeyval.t
ex"
("C:\Users\Jean\AppData\Local\Programs\MiKTeX 2.9\tex/generic/xkeyval\xkvutils.
tex"
\XKV@toks=\toks20
\XKV@tempa@toks=\toks21
)
\XKV@depth=\count108
File: xkeyval.tex 2014/12/03 v2.7a key=value parser (HA)
))
("C:\Users\Jean\AppData\Local\Programs\MiKTeX 2.9\tex/latex/adjustbox\adjcalc.s
ty"
Package: adjcalc 2012/05/16 v1.1 Provides advanced setlength with multiple back
-ends (calc, etex, pgfmath)
)
("C:\Users\Jean\AppData\Local\Programs\MiKTeX 2.9\tex/latex/adjustbox\trimclip.
sty"
Package: trimclip 2018/04/08 v1.1 Trim and clip general TeX material

("C:\Users\Jean\AppData\Local\Programs\MiKTeX 2.9\tex/latex/collectbox\collectb
ox.sty"
Package: collectbox 2012/05/17 v0.4b Collect macro arguments as boxes
\collectedbox=\box31
)
\tc@llx=\dimen121
\tc@lly=\dimen122
\tc@urx=\dimen123
\tc@ury=\dimen124
Package trimclip Info: Using driver 'tc-pdftex.def'.

("C:\Users\Jean\AppData\Local\Programs\MiKTeX 2.9\tex/latex/adjustbox\tc-pdftex
.def"
File: tc-pdftex.def 2019/01/04 v2.2 Clipping driver for pdftex
))
\adjbox@Width=\dimen125
\adjbox@Height=\dimen126
\adjbox@Depth=\dimen127
\adjbox@Totalheight=\dimen128
\adjbox@pwidth=\dimen129
\adjbox@pheight=\dimen130
\adjbox@pdepth=\dimen131
\adjbox@ptotalheight=\dimen132

("C:\Users\Jean\AppData\Local\Programs\MiKTeX 2.9\tex/latex/ifoddpage\ifoddpage
.sty"
Package: ifoddpage 2016/04/23 v1.1 Conditionals for odd/even page detection
\c@checkoddpage=\count109
)
("C:\Users\Jean\AppData\Local\Programs\MiKTeX 2.9\tex/latex/varwidth\varwidth.s
ty"
Package: varwidth 2009/03/30 ver 0.92;  Variable-width minipages
\@vwid@box=\box32
\sift@deathcycles=\count110
\@vwid@loff=\dimen133
\@vwid@roff=\dimen134
))
("C:\Users\Jean\AppData\Local\Programs\MiKTeX 2.9\tex/latex/tools\verbatim.sty"
Package: verbatim 2019/11/10 v1.5r LaTeX2e package for verbatim enhancements
\every@verbatim=\toks22
\verbatim@line=\toks23
\verbatim@in@stream=\read1
)
("C:\Users\Jean\AppData\Local\Programs\MiKTeX 2.9\tex/latex/multirow\multirow.s
ty"
Package: multirow 2019/05/31 v2.5 Span multiple rows of a table
\multirow@colwidth=\skip46
\multirow@cntb=\count111
\multirow@dima=\skip47
\bigstrutjot=\dimen135
) ("C:\Users\Jean\AppData\Local\Programs\MiKTeX 2.9\tex/latex/cite\cite.sty"
LaTeX Info: Redefining \citen on input line 81.
LaTeX Info: Redefining \cite on input line 302.
LaTeX Info: Redefining \nocite on input line 332.
Package: cite 2015/02/27  v 5.5
)
("C:\Users\Jean\AppData\Local\Programs\MiKTeX 2.9\tex/latex/physics\physics.sty
"
Package: physics 

("C:\Users\Jean\AppData\Local\Programs\MiKTeX 2.9\tex/latex/l3packages/xparse\x
parse.sty"
("C:\Users\Jean\AppData\Local\Programs\MiKTeX 2.9\tex/latex/l3kernel\expl3.sty"
Package: expl3 2019-11-07 L3 programming layer (loader) 

("C:\Users\Jean\AppData\Local\Programs\MiKTeX 2.9\tex/latex/l3kernel\expl3-code
.tex"
Package: expl3 2019-11-07 L3 programming layer (code)
\c_max_int=\count112
\l_tmpa_int=\count113
\l_tmpb_int=\count114
\g_tmpa_int=\count115
\g_tmpb_int=\count116
\l__seq_internal_a_int=\count117
\l__seq_internal_b_int=\count118
\g__kernel_prg_map_int=\count119
\c__ior_term_noprompt_ior=\count120
\c_log_iow=\count121
\l_iow_line_count_int=\count122
\l__iow_line_target_int=\count123
\l__iow_one_indent_int=\count124
\l__iow_indent_int=\count125
\c_zero_dim=\dimen136
\c_max_dim=\dimen137
\l_tmpa_dim=\dimen138
\l_tmpb_dim=\dimen139
\g_tmpa_dim=\dimen140
\g_tmpb_dim=\dimen141
\c_zero_skip=\skip48
\c_max_skip=\skip49
\l_tmpa_skip=\skip50
\l_tmpb_skip=\skip51
\g_tmpa_skip=\skip52
\g_tmpb_skip=\skip53
\c_zero_muskip=\muskip11
\c_max_muskip=\muskip12
\l_tmpa_muskip=\muskip13
\l_tmpb_muskip=\muskip14
\g_tmpa_muskip=\muskip15
\g_tmpb_muskip=\muskip16
\l_keys_choice_int=\count126
\l__intarray_loop_int=\count127
\c__intarray_sp_dim=\dimen142
\g__intarray_font_int=\count128
\c__fp_leading_shift_int=\count129
\c__fp_middle_shift_int=\count130
\c__fp_trailing_shift_int=\count131
\c__fp_big_leading_shift_int=\count132
\c__fp_big_middle_shift_int=\count133
\c__fp_big_trailing_shift_int=\count134
\c__fp_Bigg_leading_shift_int=\count135
\c__fp_Bigg_middle_shift_int=\count136
\c__fp_Bigg_trailing_shift_int=\count137
\c__kernel_randint_max_int=\count138
\g__fp_array_int=\count139
\l__fp_array_loop_int=\count140
\l__sort_length_int=\count141
\l__sort_min_int=\count142
\l__sort_top_int=\count143
\l__sort_max_int=\count144
\l__sort_true_max_int=\count145
\l__sort_block_int=\count146
\l__sort_begin_int=\count147
\l__sort_end_int=\count148
\l__sort_A_int=\count149
\l__sort_B_int=\count150
\l__sort_C_int=\count151
\l__str_internal_int=\count152
\c__str_replacement_char_int=\count153
\l__tl_analysis_normal_int=\count154
\l__tl_analysis_index_int=\count155
\l__tl_analysis_nesting_int=\count156
\l__tl_analysis_type_int=\count157
\l__regex_internal_a_int=\count158
\l__regex_internal_b_int=\count159
\l__regex_internal_c_int=\count160
\l__regex_balance_int=\count161
\l__regex_group_level_int=\count162
\l__regex_mode_int=\count163
\c__regex_cs_in_class_mode_int=\count164
\c__regex_cs_mode_int=\count165
\l__regex_catcodes_int=\count166
\l__regex_default_catcodes_int=\count167
\c__regex_catcode_D_int=\count168
\c__regex_catcode_S_int=\count169
\c__regex_catcode_L_int=\count170
\c__regex_catcode_O_int=\count171
\c__regex_catcode_A_int=\count172
\c__regex_all_catcodes_int=\count173
\l__regex_show_lines_int=\count174
\l__regex_min_state_int=\count175
\l__regex_max_state_int=\count176
\l__regex_left_state_int=\count177
\l__regex_right_state_int=\count178
\l__regex_capturing_group_int=\count179
\l__regex_min_pos_int=\count180
\l__regex_max_pos_int=\count181
\l__regex_curr_pos_int=\count182
\l__regex_start_pos_int=\count183
\l__regex_success_pos_int=\count184
\l__regex_curr_char_int=\count185
\l__regex_curr_catcode_int=\count186
\l__regex_last_char_int=\count187
\l__regex_case_changed_char_int=\count188
\l__regex_curr_state_int=\count189
\l__regex_step_int=\count190
\l__regex_min_active_int=\count191
\l__regex_max_active_int=\count192
\l__regex_replacement_csnames_int=\count193
\l__regex_match_count_int=\count194
\l__regex_min_submatch_int=\count195
\l__regex_submatch_int=\count196
\l__regex_zeroth_submatch_int=\count197
\g__regex_trace_regex_int=\count198
\c_empty_box=\box33
\l_tmpa_box=\box34
\l_tmpb_box=\box35
\g_tmpa_box=\box36
\g_tmpb_box=\box37
\l__box_top_dim=\dimen143
\l__box_bottom_dim=\dimen144
\l__box_left_dim=\dimen145
\l__box_right_dim=\dimen146
\l__box_top_new_dim=\dimen147
\l__box_bottom_new_dim=\dimen148
\l__box_left_new_dim=\dimen149
\l__box_right_new_dim=\dimen150
\l__box_internal_box=\box38
\l__coffin_internal_box=\box39
\l__coffin_internal_dim=\dimen151
\l__coffin_offset_x_dim=\dimen152
\l__coffin_offset_y_dim=\dimen153
\l__coffin_x_dim=\dimen154
\l__coffin_y_dim=\dimen155
\l__coffin_x_prime_dim=\dimen156
\l__coffin_y_prime_dim=\dimen157
\c_empty_coffin=\box40
\l__coffin_aligned_coffin=\box41
\l__coffin_aligned_internal_coffin=\box42
\l_tmpa_coffin=\box43
\l_tmpb_coffin=\box44
\g_tmpa_coffin=\box45
\g_tmpb_coffin=\box46
\l__coffin_bounding_shift_dim=\dimen158
\l__coffin_left_corner_dim=\dimen159
\l__coffin_right_corner_dim=\dimen160
\l__coffin_bottom_corner_dim=\dimen161
\l__coffin_top_corner_dim=\dimen162
\l__coffin_scaled_total_height_dim=\dimen163
\l__coffin_scaled_width_dim=\dimen164
\c__coffin_empty_coffin=\box47
\l__coffin_display_coffin=\box48
\l__coffin_display_coord_coffin=\box49
\l__coffin_display_pole_coffin=\box50
\l__coffin_display_offset_dim=\dimen165
\l__coffin_display_x_dim=\dimen166
\l__coffin_display_y_dim=\dimen167
\g__char_data_ior=\read2

("C:\Users\Jean\AppData\Local\Programs\MiKTeX 2.9\tex/latex/l3kernel\l3deprecat
ion.def"
File: l3deprecation.def 2019-04-06 v L3 Deprecated functions
))
("C:\Users\Jean\AppData\Local\Programs\MiKTeX 2.9\tex/latex/l3backend\l3backend
-pdfmode.def"
File: l3backend-pdfmode.def 2019-04-06 L3 backend support: PDF mode
\l__kernel_color_stack_int=\count199
\l__pdf_internal_box=\box51
))
Package: xparse 2019-10-11 L3 Experimental document command parser
\l__xparse_current_arg_int=\count266
\g__xparse_grabber_int=\count267
\l__xparse_m_args_int=\count268
\l__xparse_v_nesting_int=\count269
))
("C:\Users\Jean\AppData\Local\Programs\MiKTeX 2.9\tex/latex/mathtools\mathtools
.sty"
Package: mathtools 2019/07/31 v1.22 mathematical typesetting tools
 ("C:\Users\Jean\AppData\Local\Programs\MiKTeX 2.9\tex/latex/tools\calc.sty"
Package: calc 2017/05/25 v4.3 Infix arithmetic (KKT,FJ)
\calc@Acount=\count270
\calc@Bcount=\count271
\calc@Adimen=\dimen168
\calc@Bdimen=\dimen169
\calc@Askip=\skip54
\calc@Bskip=\skip55
LaTeX Info: Redefining \setlength on input line 80.
LaTeX Info: Redefining \addtolength on input line 81.
\calc@Ccount=\count272
\calc@Cskip=\skip56
)
("C:\Users\Jean\AppData\Local\Programs\MiKTeX 2.9\tex/latex/mathtools\mhsetup.s
ty"
Package: mhsetup 2017/03/31 v1.3 programming setup (MH)
)
LaTeX Info: Thecontrolsequence`\('isalreadyrobust on input line 129.
LaTeX Info: Thecontrolsequence`\)'isalreadyrobust on input line 129.
LaTeX Info: Thecontrolsequence`\['isalreadyrobust on input line 129.
LaTeX Info: Thecontrolsequence`\]'isalreadyrobust on input line 129.
\g_MT_multlinerow_int=\count273
\l_MT_multwidth_dim=\dimen170
\origjot=\skip57
\l_MT_shortvdotswithinadjustabove_dim=\dimen171
\l_MT_shortvdotswithinadjustbelow_dim=\dimen172
\l_MT_above_intertext_sep=\dimen173
\l_MT_below_intertext_sep=\dimen174
\l_MT_above_shortintertext_sep=\dimen175
\l_MT_below_shortintertext_sep=\dimen176
)
   defining Unicode char U+0301 (decimal 769)
 ("C:\Users\Jean\AppData\Local\Programs\MiKTeX 2.9\tex/latex/ulem\ulem.sty"
\UL@box=\box52
\UL@hyphenbox=\box53
\UL@skip=\skip58
\UL@hook=\toks24
\UL@height=\dimen177
\UL@pe=\count274
\UL@pixel=\dimen178
\ULC@box=\box54
Package: ulem 2012/05/18
\ULdepth=\dimen179
) ("C:\Users\Jean\AppData\Local\Programs\MiKTeX 2.9\tex/latex/soul\soul.sty"
Package: soul 2003/11/17 v2.4 letterspacing/underlining (mf)
\SOUL@word=\toks25
\SOUL@lasttoken=\toks26
\SOUL@cmds=\toks27
\SOUL@buffer=\toks28
\SOUL@token=\toks29
\SOUL@spaceskip=\skip59
\SOUL@ttwidth=\dimen180
\SOUL@uldp=\dimen181
\SOUL@ulht=\dimen182
)
("C:\Users\Jean\AppData\Local\Programs\MiKTeX 2.9\tex/latex/base\fixltx2e.sty"
Package: fixltx2e 2016/12/29 v2.1a fixes to LaTeX (obsolete)
Applying: [2015/01/01] Old fixltx2e package on input line 46.


Package fixltx2e Warning: fixltx2e is not required with releases after 2015
(fixltx2e)                All fixes are now in the LaTeX kernel.
(fixltx2e)                See the latexrelease package for details.

Already applied: [0000/00/00] Old fixltx2e package on input line 53.
) (DraftJeanArthur2.aux)
\openout1 = `DraftJeanArthur2.aux'.

LaTeX Font Info:    Checking defaults for OML/cmm/m/it on input line 96.
LaTeX Font Info:    ... okay on input line 96.
LaTeX Font Info:    Checking defaults for T1/cmr/m/n on input line 96.
LaTeX Font Info:    ... okay on input line 96.
LaTeX Font Info:    Checking defaults for OT1/cmr/m/n on input line 96.
LaTeX Font Info:    ... okay on input line 96.
LaTeX Font Info:    Checking defaults for OMS/cmsy/m/n on input line 96.
LaTeX Font Info:    ... okay on input line 96.
LaTeX Font Info:    Checking defaults for OMX/cmex/m/n on input line 96.
LaTeX Font Info:    ... okay on input line 96.
LaTeX Font Info:    Checking defaults for U/cmr/m/n on input line 96.
LaTeX Font Info:    ... okay on input line 96.
LaTeX Font Info:    Trying to load font information for OT1+ptm on input line 9
6.

("C:\Users\Jean\AppData\Local\Programs\MiKTeX 2.9\tex/latex/psnfss\ot1ptm.fd"
File: ot1ptm.fd 2001/06/04 font definitions for OT1/ptm.
)
("C:\Users\Jean\AppData\Local\Programs\MiKTeX 2.9\tex/context/base/mkii\supp-pd
f.mkii"
[Loading MPS to PDF converter (version 2006.09.02).]
\scratchcounter=\count275
\scratchdimen=\dimen183
\scratchbox=\box55
\nofMPsegments=\count276
\nofMParguments=\count277
\everyMPshowfont=\toks30
\MPscratchCnt=\count278
\MPscratchDim=\dimen184
\MPnumerator=\count279
\makeMPintoPDFobject=\count280
\everyMPtoPDFconversion=\toks31
)
("C:\Users\Jean\AppData\Local\Programs\MiKTeX 2.9\tex/latex/epstopdf-pkg\epstop
df-base.sty"
Package: epstopdf-base 2019/11/24 v2.7 Base part for package epstopdf

("C:\Users\Jean\AppData\Local\Programs\MiKTeX 2.9\tex/generic/oberdiek\infwarer
r.sty"
Package: infwarerr 2016/05/16 v1.4 Providing info/warning/error messages (HO)
)
("C:\Users\Jean\AppData\Local\Programs\MiKTeX 2.9\tex/latex/oberdiek\grfext.sty
"
Package: grfext 2016/05/16 v1.2 Manage graphics extensions (HO)

("C:\Users\Jean\AppData\Local\Programs\MiKTeX 2.9\tex/generic/oberdiek\kvdefine
keys.sty"
Package: kvdefinekeys 2016/05/16 v1.4 Define keys (HO)

("C:\Users\Jean\AppData\Local\Programs\MiKTeX 2.9\tex/generic/oberdiek\ltxcmds.
sty"
Package: ltxcmds 2016/05/16 v1.23 LaTeX kernel commands for general use (HO)
)))
("C:\Users\Jean\AppData\Local\Programs\MiKTeX 2.9\tex/latex/oberdiek\kvoptions.
sty"
Package: kvoptions 2016/05/16 v3.12 Key value format for package options (HO)

("C:\Users\Jean\AppData\Local\Programs\MiKTeX 2.9\tex/generic/oberdiek\kvsetkey
s.sty"
Package: kvsetkeys 2016/05/16 v1.17 Key value parser (HO)

("C:\Users\Jean\AppData\Local\Programs\MiKTeX 2.9\tex/generic/oberdiek\etexcmds
.sty"
Package: etexcmds 2016/05/16 v1.6 Avoid name clashes with e-TeX commands (HO)

("C:\Users\Jean\AppData\Local\Programs\MiKTeX 2.9\tex/generic/iftex\ifluatex.st
y"
Package: ifluatex 2019/10/25 v1.5 ifluatex legacy package. Use iftex instead.
))))
("C:\Users\Jean\AppData\Local\Programs\MiKTeX 2.9\tex/latex/pdftexcmds\pdftexcm
ds.sty"
Package: pdftexcmds 2019/11/24 v0.31 Utility functions of pdfTeX for LuaTeX (HO
)
Package pdftexcmds Info: \pdf@primitive is available.
Package pdftexcmds Info: \pdf@ifprimitive is available.
Package pdftexcmds Info: \pdfdraftmode found.
)
Package epstopdf-base Info: Redefining graphics rule for `.eps' on input line 4
42.
Package grfext Info: Graphics extension search list:
(grfext)             [.pdf,.png,.jpg,.mps,.jpeg,.jbig2,.jb2,.PDF,.PNG,.JPG,.JPE
G,.JBIG2,.JB2,.eps]
(grfext)             \AppendGraphicsExtensions on input line 460.
)
Package caption Info: Begin \AtBeginDocument code.
Package caption Info: End \AtBeginDocument code.
LaTeX Font Info:    Trying to load font information for OT1+ztmcm on input line
 98.

("C:\Users\Jean\AppData\Local\Programs\MiKTeX 2.9\tex/latex/psnfss\ot1ztmcm.fd"
File: ot1ztmcm.fd 2000/01/03 Fontinst v1.801 font definitions for OT1/ztmcm.
)
LaTeX Font Info:    Trying to load font information for OML+ztmcm on input line
 98.
 ("C:\Users\Jean\AppData\Local\Programs\MiKTeX 2.9\tex/latex/psnfss\omlztmcm.fd
"
File: omlztmcm.fd 2000/01/03 Fontinst v1.801 font definitions for OML/ztmcm.
)
LaTeX Font Info:    Trying to load font information for OMS+ztmcm on input line
 98.

("C:\Users\Jean\AppData\Local\Programs\MiKTeX 2.9\tex/latex/psnfss\omsztmcm.fd"
File: omsztmcm.fd 2000/01/03 Fontinst v1.801 font definitions for OMS/ztmcm.
)
LaTeX Font Info:    Trying to load font information for OMX+ztmcm on input line
 98.
 ("C:\Users\Jean\AppData\Local\Programs\MiKTeX 2.9\tex/latex/psnfss\omxztmcm.fd
"
File: omxztmcm.fd 2000/01/03 Fontinst v1.801 font definitions for OMX/ztmcm.
)
LaTeX Font Info:    Font shape `OT1/ptm/bx/n' in size <10> not available
(Font)              Font shape `OT1/ptm/b/n' tried instead on input line 98.
LaTeX Font Info:    Font shape `OT1/ptm/bx/n' in size <7.4> not available
(Font)              Font shape `OT1/ptm/b/n' tried instead on input line 98.
LaTeX Font Info:    Font shape `OT1/ptm/bx/n' in size <6> not available
(Font)              Font shape `OT1/ptm/b/n' tried instead on input line 98.

Underfull \hbox (badness 10000) detected at line 98
[]
 []


Underfull \vbox (badness 10000) has occurred while \output is active []


Underfull \vbox (badness 1845) has occurred while \output is active []

LaTeX Font Info:    Trying to load font information for OMS+ptm on input line 1
18.

("C:\Users\Jean\AppData\Local\Programs\MiKTeX 2.9\tex/latex/psnfss\omsptm.fd"
File: omsptm.fd 
)
LaTeX Font Info:    Font shape `OMS/ptm/m/n' in size <10> not available
(Font)              Font shape `OMS/cmsy/m/n' tried instead on input line 118.

[1{C:/Users/Jean/AppData/Local/MiKTeX/2.9/pdftex/config/pdftex.map}


Non-PDF special ignored!
<special> papersize=8.5in,11in

]

LaTeX Warning: Citation `vicquelin2011coupling' on page 2 undefined on input li
ne 190.


LaTeX Warning: Citation `smith1999gri' on page 2 undefined on input line 191.


Underfull \hbox (badness 1496) in paragraph at lines 190--192
[]\OT1/ptm/m/n/10 The Flamelet/Progress Vari-able (FPV) model [25] and
 []


Underfull \hbox (badness 10000) in paragraph at lines 190--192

 []


LaTeX Warning: Citation `palluotto2019assessment' on page 2 undefined on input 
line 194.


Underfull \hbox (badness 1789) in paragraph at lines 194--195
[]\OT1/ptm/m/n/10 Thermal ra-di-a-tion fields are later com-puted us-ing the
 []

[2]
<fig/Oxytec.png, id=19, 333.245pt x 225.84375pt>
File: fig/Oxytec.png Graphic file (type png)
<use fig/Oxytec.png>
Package pdftex.def Info: fig/Oxytec.png  used on input line 201.
(pdftex.def)             Requested size: 308.95345pt x 209.39497pt.
<fig/injector.png, id=21, 271.0125pt x 140.02313pt>
File: fig/injector.png Graphic file (type png)
<use fig/injector.png>
Package pdftex.def Info: fig/injector.png  used on input line 207.
(pdftex.def)             Requested size: 205.97028pt x 106.4208pt.

Overfull \hbox (51.49158pt too wide) in paragraph at lines 199--211
 [][] 
 []

LaTeX Font Info:    Font shape `OT1/ptm/bx/n' in size <9> not available
(Font)              Font shape `OT1/ptm/b/n' tried instead on input line 211.
LaTeX Font Info:    Font shape `OT1/phv/bx/n' in size <9> not available
(Font)              Font shape `OT1/phv/b/n' tried instead on input line 211.
Package epstopdf Info: Source file: <fig/exp-field.eps>
(epstopdf)                    date: 2020-02-19 18:54:56
(epstopdf)                    size: 112680 bytes
(epstopdf)             Output file: <fig/exp-field-eps-converted-to.pdf>
(epstopdf)                    date: 2020-02-19 19:56:34
(epstopdf)                    size: 66445 bytes
(epstopdf)             Command: <epstopdf --outfile=fig/exp-field-eps-converted
-to.pdf fig/exp-field.eps>
(epstopdf)             \includegraphics on input line 247.
Package epstopdf Info: Output file is already uptodate.


pdfTeX warning: pdflatex (file ./fig/exp-field-eps-converted-to.pdf): PDF inclu
sion: found PDF version <1.7>, but at most version <1.5> allowed
<fig/exp-field-eps-converted-to.pdf, id=22, 421.575pt x 316.18124pt>
File: fig/exp-field-eps-converted-to.pdf Graphic file (type pdf)
<use fig/exp-field-eps-converted-to.pdf>
Package pdftex.def Info: fig/exp-field-eps-converted-to.pdf  used on input line
 247.
(pdftex.def)             Requested size: 248.62811pt x 186.47295pt.

Overfull \hbox (69.75888pt too wide) in paragraph at lines 247--248
 [][] 
 []

Package epstopdf Info: Source file: <fig/uz-mesh1.eps>
(epstopdf)                    date: 2020-02-19 18:54:56
(epstopdf)                    size: 82937 bytes
(epstopdf)             Output file: <fig/uz-mesh1-eps-converted-to.pdf>
(epstopdf)                    date: 2020-02-19 19:56:35
(epstopdf)                    size: 57288 bytes
(epstopdf)             Command: <epstopdf --outfile=fig/uz-mesh1-eps-converted-
to.pdf fig/uz-mesh1.eps>
(epstopdf)             \includegraphics on input line 254.
Package epstopdf Info: Output file is already uptodate.


pdfTeX warning: pdflatex (file ./fig/uz-mesh1-eps-converted-to.pdf): PDF inclus
ion: found PDF version <1.7>, but at most version <1.5> allowed
<fig/uz-mesh1-eps-converted-to.pdf, id=23, 421.575pt x 316.18124pt>
File: fig/uz-mesh1-eps-converted-to.pdf Graphic file (type pdf)
<use fig/uz-mesh1-eps-converted-to.pdf>
Package pdftex.def Info: fig/uz-mesh1-eps-converted-to.pdf  used on input line 
254.
(pdftex.def)             Requested size: 248.62811pt x 186.47295pt.

Overfull \hbox (69.75888pt too wide) in paragraph at lines 254--255
 [][] 
 []

Package epstopdf Info: Source file: <fig/uz-mesh2.eps>
(epstopdf)                    date: 2020-02-19 18:54:56
(epstopdf)                    size: 96908 bytes
(epstopdf)             Output file: <fig/uz-mesh2-eps-converted-to.pdf>
(epstopdf)                    date: 2020-02-19 19:56:37
(epstopdf)                    size: 66252 bytes
(epstopdf)             Command: <epstopdf --outfile=fig/uz-mesh2-eps-converted-
to.pdf fig/uz-mesh2.eps>
(epstopdf)             \includegraphics on input line 260.
Package epstopdf Info: Output file is already uptodate.


pdfTeX warning: pdflatex (file ./fig/uz-mesh2-eps-converted-to.pdf): PDF inclus
ion: found PDF version <1.7>, but at most version <1.5> allowed
<fig/uz-mesh2-eps-converted-to.pdf, id=24, 421.575pt x 316.18124pt>
File: fig/uz-mesh2-eps-converted-to.pdf Graphic file (type pdf)
<use fig/uz-mesh2-eps-converted-to.pdf>
Package pdftex.def Info: fig/uz-mesh2-eps-converted-to.pdf  used on input line 
260.
(pdftex.def)             Requested size: 248.62811pt x 186.47295pt.

Overfull \hbox (69.75888pt too wide) in paragraph at lines 260--261
 [][] 
 []

[3 <./fig/Oxytec.png> <./fig/injector.png>]
<fig/MeshCold.png, id=30, 428.60126pt x 207.77625pt>
File: fig/MeshCold.png Graphic file (type png)
<use fig/MeshCold.png>
Package pdftex.def Info: fig/MeshCold.png  used on input line 323.
(pdftex.def)             Requested size: 257.46187pt x 124.81253pt.
<fig/uz1uz8.png, id=31, 892.83563pt x 384.6872pt>
File: fig/uz1uz8.png Graphic file (type png)
<use fig/uz1uz8.png>
Package pdftex.def Info: fig/uz1uz8.png  used on input line 349.
(pdftex.def)             Requested size: 257.46187pt x 110.92834pt.
<fig/urms1urms4.png, id=32, 913.91437pt x 389.95688pt>
File: fig/urms1urms4.png Graphic file (type png)
<use fig/urms1urms4.png>
Package pdftex.def Info: fig/urms1urms4.png  used on input line 395.
(pdftex.def)             Requested size: 257.46187pt x 109.8536pt.

Underfull \vbox (badness 2293) has occurred while \output is active []

 [4 <./fig/exp-field-eps-converted-to.pdf> <./fig/uz-mesh1-eps-converted-to.pdf
> <./fig/uz-mesh2-eps-converted-to.pdf> <./fig/MeshCold.png>]
Underfull \hbox (badness 10000) in paragraph at lines 478--479
[]\OT1/ptm/m/n/10 Numerical sim-u-la-tions are now per-formed in oxy-
 []


Underfull \hbox (badness 1371) in paragraph at lines 478--479
\OT1/ptm/m/n/10 op-er-at-ing con-di-tions, and that its val-i-da-tion con-sti-t
ute one
 []

[5 <./fig/uz1uz8.png> <./fig/urms1urms4.png>]
<fig/CH4_w_inst.png, id=60, 500.62032pt x 411.03563pt>
File: fig/CH4_w_inst.png Graphic file (type png)
<use fig/CH4_w_inst.png>
Package pdftex.def Info: fig/CH4_w_inst.png  used on input line 495.
(pdftex.def)             Requested size: 257.46187pt x 211.40033pt.

Underfull \vbox (badness 1057) has occurred while \output is active []


Underfull \hbox (badness 1275) in paragraph at lines 528--529
[]\OT1/ptm/m/n/10 Convective heat losses are es-ti-mated us-ing the Dittus-
 []

[6 <./fig/CH4_w_inst.png>]
<fig/w_wrms_avg.png, id=66, 517.935pt x 413.29407pt>
File: fig/w_wrms_avg.png Graphic file (type png)
<use fig/w_wrms_avg.png>
Package pdftex.def Info: fig/w_wrms_avg.png  used on input line 570.
(pdftex.def)             Requested size: 257.46187pt x 205.45462pt.
<fig/Ych4_LIKE_avg.png, id=67, 485.56406pt x 415.5525pt>
File: fig/Ych4_LIKE_avg.png Graphic file (type png)
<use fig/Ych4_LIKE_avg.png>
Package pdftex.def Info: fig/Ych4_LIKE_avg.png  used on input line 576.
(pdftex.def)             Requested size: 257.46187pt x 220.33688pt.

Underfull \vbox (badness 2460) has occurred while \output is active []

 [7 <./fig/w_wrms_avg.png> <./fig/Ych4_LIKE_avg.png>]
Package epstopdf Info: Source file: <fig/Ych4_COLD.eps>
(epstopdf)                    date: 2020-02-19 18:54:56
(epstopdf)                    size: 31937 bytes
(epstopdf)             Output file: <fig/Ych4_COLD-eps-converted-to.pdf>
(epstopdf)                    date: 2020-02-19 19:56:39
(epstopdf)                    size: 12868 bytes
(epstopdf)             Command: <epstopdf --outfile=fig/Ych4_COLD-eps-converted
-to.pdf fig/Ych4_COLD.eps>
(epstopdf)             \includegraphics on input line 591.
Package epstopdf Info: Output file is already uptodate.


pdfTeX warning: pdflatex (file ./fig/Ych4_COLD-eps-converted-to.pdf): PDF inclu
sion: found PDF version <1.7>, but at most version <1.5> allowed
<fig/Ych4_COLD-eps-converted-to.pdf, id=74, 357.335pt x 248.93pt>
File: fig/Ych4_COLD-eps-converted-to.pdf Graphic file (type pdf)
<use fig/Ych4_COLD-eps-converted-to.pdf>
Package pdftex.def Info: fig/Ych4_COLD-eps-converted-to.pdf  used on input line
 591.
(pdftex.def)             Requested size: 257.46187pt x 179.3662pt.
<fig/T_Z_ADIAB.png, id=75, 441.14813pt x 390.70969pt>
File: fig/T_Z_ADIAB.png Graphic file (type png)
<use fig/T_Z_ADIAB.png>
Package pdftex.def Info: fig/T_Z_ADIAB.png  used on input line 609.
(pdftex.def)             Requested size: 257.46187pt x 228.03067pt.

Underfull \hbox (badness 3019) in paragraph at lines 618--619
[]\OT1/ptm/m/n/10 The same in-jec-tion con-di-tions used for the pre-vi-ous
 []


Underfull \hbox (badness 10000) in paragraph at lines 618--619

 []

[8 <./fig/Ych4_COLD-eps-converted-to.pdf>]
Package epstopdf Info: Source file: <fig/PDF-ADIAB.eps>
(epstopdf)                    date: 2020-02-19 18:54:56
(epstopdf)                    size: 17941 bytes
(epstopdf)             Output file: <fig/PDF-ADIAB-eps-converted-to.pdf>
(epstopdf)                    date: 2020-02-19 20:06:44
(epstopdf)                    size: 7189 bytes
(epstopdf)             Command: <epstopdf --outfile=fig/PDF-ADIAB-eps-converted
-to.pdf fig/PDF-ADIAB.eps>
(epstopdf)             \includegraphics on input line 624.
Package epstopdf Info: Output file is already uptodate.


pdfTeX warning: pdflatex (file ./fig/PDF-ADIAB-eps-converted-to.pdf): PDF inclu
sion: found PDF version <1.7>, but at most version <1.5> allowed
<fig/PDF-ADIAB-eps-converted-to.pdf, id=84, 282.05376pt x 185.69376pt>
File: fig/PDF-ADIAB-eps-converted-to.pdf Graphic file (type pdf)
<use fig/PDF-ADIAB-eps-converted-to.pdf>
Package pdftex.def Info: fig/PDF-ADIAB-eps-converted-to.pdf  used on input line
 624.
(pdftex.def)             Requested size: 257.46187pt x 169.51427pt.
Package epstopdf Info: Source file: <fig/T_Z_ADIAB.eps>
(epstopdf)                    date: 2020-02-19 18:54:56
(epstopdf)                    size: 26756 bytes
(epstopdf)             Output file: <fig/T_Z_ADIAB-eps-converted-to.pdf>
(epstopdf)                    date: 2020-02-19 19:56:42
(epstopdf)                    size: 10245 bytes
(epstopdf)             Command: <epstopdf --outfile=fig/T_Z_ADIAB-eps-converted
-to.pdf fig/T_Z_ADIAB.eps>
(epstopdf)             \includegraphics on input line 630.
Package epstopdf Info: Output file is already uptodate.


pdfTeX warning: pdflatex (file ./fig/T_Z_ADIAB-eps-converted-to.pdf): PDF inclu
sion: found PDF version <1.7>, but at most version <1.5> allowed
<fig/T_Z_ADIAB-eps-converted-to.pdf, id=85, 341.275pt x 212.795pt>
File: fig/T_Z_ADIAB-eps-converted-to.pdf Graphic file (type pdf)
<use fig/T_Z_ADIAB-eps-converted-to.pdf>
Package pdftex.def Info: fig/T_Z_ADIAB-eps-converted-to.pdf  used on input line
 630.
(pdftex.def)             Requested size: 257.46187pt x 160.54396pt.
[9 <./fig/T_Z_ADIAB.png> <./fig/PDF-ADIAB-eps-converted-to.pdf> <./fig/T_Z_ADIA
B-eps-converted-to.pdf>]
<fig/T_PR_isot.png, id=100, 420.82219pt x 411.78844pt>
File: fig/T_PR_isot.png Graphic file (type png)
<use fig/T_PR_isot.png>
Package pdftex.def Info: fig/T_PR_isot.png  used on input line 651.
(pdftex.def)             Requested size: 257.46187pt x 251.9383pt.
Package epstopdf Info: Source file: <fig/PDF_Lf_ISOT.eps>
(epstopdf)                    date: 2020-02-19 18:54:54
(epstopdf)                    size: 18701 bytes
(epstopdf)             Output file: <fig/PDF_Lf_ISOT-eps-converted-to.pdf>
(epstopdf)                    date: 2020-02-19 19:56:43
(epstopdf)                    size: 8375 bytes
(epstopdf)             Command: <epstopdf --outfile=fig/PDF_Lf_ISOT-eps-convert
ed-to.pdf fig/PDF_Lf_ISOT.eps>
(epstopdf)             \includegraphics on input line 662.
Package epstopdf Info: Output file is already uptodate.


pdfTeX warning: pdflatex (file ./fig/PDF_Lf_ISOT-eps-converted-to.pdf): PDF inc
lusion: found PDF version <1.7>, but at most version <1.5> allowed
<fig/PDF_Lf_ISOT-eps-converted-to.pdf, id=101, 233.87375pt x 151.56625pt>
File: fig/PDF_Lf_ISOT-eps-converted-to.pdf Graphic file (type pdf)
<use fig/PDF_Lf_ISOT-eps-converted-to.pdf>
Package pdftex.def Info: fig/PDF_Lf_ISOT-eps-converted-to.pdf  used on input li
ne 662.
(pdftex.def)             Requested size: 257.46187pt x 166.8737pt.

Underfull \vbox (badness 10000) has occurred while \output is active []

 [10 <./fig/T_PR_isot.png> <./fig/PDF_Lf_ISOT-eps-converted-to.pdf>] (DraftJean
Arthur2.bbl
LaTeX Font Info:    Font shape `OT1/ptm/bx/it' in size <10> not available
(Font)              Font shape `OT1/ptm/b/it' tried instead on input line 8.

Underfull \hbox (badness 2189) in paragraph at lines 4--9
\OT1/ptm/m/n/10 J., Amann, J.-M., and Boual-lou, C., 2010.  ``Pre-
 []


Underfull \vbox (badness 10000) has occurred while \output is active []

 [11]
Underfull \hbox (badness 5274) in paragraph at lines 178--181
[]\OT1/ptm/m/n/10 CORDIER, M., BE-NARD, P., LY-BAERT, P., and
 []


Underfull \vbox (badness 10000) has occurred while \output is active []

) [12]
(DraftJeanArthur2.aux)

LaTeX Warning: There were undefined references.

 ) 
Here is how much of TeX's memory you used:
 16959 strings out of 492484
 304177 string characters out of 3122055
 364794 words of memory out of 3000000
 21106 multiletter control sequences out of 15000+200000
 570823 words of font info for 95 fonts, out of 3000000 for 9000
 1141 hyphenation exceptions out of 8191
 52i,11n,77p,2380b,571s stack positions out of 5000i,500n,10000p,200000b,50000s
{C:/Users/Jean/AppData/Local/Programs/MiKTeX 2.9/fonts/enc/dvips/base/8r.enc}
<C:/Users/Jean/AppData/Local/Programs/MiKTeX 2.9/fonts/type1/public/amsfonts/cm
/cmex10.pfb><C:/Users/Jean/AppData/Local/Programs/MiKTeX 2.9/fonts/type1/public
/amsfonts/cm/cmmi10.pfb><C:/Users/Jean/AppData/Local/Programs/MiKTeX 2.9/fonts/
type1/public/amsfonts/cm/cmr10.pfb><C:/Users/Jean/AppData/Local/Programs/MiKTeX
 2.9/fonts/type1/public/amsfonts/cm/cmsy10.pfb><C:/Users/Jean/AppData/Local/Pro
grams/MiKTeX 2.9/fonts/type1/public/amsfonts/symbols/msam10.pfb><C:/Users/Jean/
AppData/Local/Programs/MiKTeX 2.9/fonts/type1/urw/helvetic/uhvb8a.pfb><C:/Users
/Jean/AppData/Local/Programs/MiKTeX 2.9/fonts/type1/urw/helvetic/uhvr8a.pfb><C:
/Users/Jean/AppData/Local/Programs/MiKTeX 2.9/fonts/type1/urw/symbol/usyr.pfb><
C:/Users/Jean/AppData/Local/Programs/MiKTeX 2.9/fonts/type1/urw/symbol/usyr.pfb
><C:/Users/Jean/AppData/Local/Programs/MiKTeX 2.9/fonts/type1/urw/times/utmb8a.
pfb><C:/Users/Jean/AppData/Local/Programs/MiKTeX 2.9/fonts/type1/urw/times/utmb
i8a.pfb><C:/Users/Jean/AppData/Local/Programs/MiKTeX 2.9/fonts/type1/urw/times/
utmr8a.pfb><C:/Users/Jean/AppData/Local/Programs/MiKTeX 2.9/fonts/type1/urw/tim
es/utmri8a.pfb>
Output written on DraftJeanArthur2.pdf (12 pages, 1892182 bytes).
PDF statistics:
 160 PDF objects out of 1000 (max. 8388607)
 0 named destinations out of 1000 (max. 500000)
 86 words of extra memory for PDF output out of 10000 (max. 10000000)

